<?xml version="1.0" encoding="UTF-8"?>
<testng-results skipped="0" failed="0" ignored="0" total="2" passed="2">
  <reporter-output>
  </reporter-output>
  <suite name="Suite" duration-ms="63" started-at="2018-05-18T23:44:54Z" finished-at="2018-05-18T23:44:54Z">
    <groups>
    </groups>
    <test name="Test" duration-ms="63" started-at="2018-05-18T23:44:54Z" finished-at="2018-05-18T23:44:54Z">
      <class name="SeleniumTest.SecondMavenTest">
        <test-method status="PASS" signature="testMaven()[pri:0, instance:SeleniumTest.SecondMavenTest@215be6bb]" name="testMaven" duration-ms="0" started-at="2018-05-18T23:44:54Z" finished-at="2018-05-18T23:44:54Z">
          <reporter-output>
          </reporter-output>
        </test-method> <!-- testMaven -->
      </class> <!-- SeleniumTest.SecondMavenTest -->
      <class name="SeleniumTest.FirstMavenTest">
        <test-method status="PASS" signature="testMaven()[pri:0, instance:SeleniumTest.FirstMavenTest@32d992b2]" name="testMaven" duration-ms="16" started-at="2018-05-18T23:44:54Z" finished-at="2018-05-18T23:44:54Z">
          <reporter-output>
          </reporter-output>
        </test-method> <!-- testMaven -->
      </class> <!-- SeleniumTest.FirstMavenTest -->
    </test> <!-- Test -->
  </suite> <!-- Suite -->
</testng-results>
